# JRE version: OpenJDK Runtime Environment (8.0_402-b06) (build 1.8.0_402-b06)
# Java VM: OpenJDK 64-Bit Server VM (25.402-b06 mixed mode windows-amd64 compressed oops)
Heap:
 PSYoungGen      total 137216K, used 19618K [0x000000076e200000, 0x000000077ee00000, 0x00000007c0000000)
  eden space 126976K, 15% used [0x000000076e200000,0x000000076f528b08,0x0000000775e00000)
  from space 10240K, 0% used [0x0000000775e00000,0x0000000775e00000,0x0000000776800000)
  to   space 10240K, 0% used [0x000000077e400000,0x000000077e400000,0x000000077ee00000)
 ParOldGen       total 123392K, used 19783K [0x00000006ca600000, 0x00000006d1e80000, 0x000000076e200000)
  object space 123392K, 16% used [0x00000006ca600000,0x00000006cb951c60,0x00000006d1e80000)
 Metaspace       used 22022K, capacity 22344K, committed 22656K, reserved 1069056K
  class space    used 2756K, capacity 2864K, committed 2944K, reserved 1048576K
GC Heap History (8 events):
Event: 0.506 GC heap before
{Heap before GC invocations=1 (full 0):
 PSYoungGen      total 73728K, used 63488K [0x000000076e200000, 0x0000000773400000, 0x00000007c0000000)
  eden space 63488K, 100% used [0x000000076e200000,0x0000000772000000,0x0000000772000000)
  from space 10240K, 0% used [0x0000000772a00000,0x0000000772a00000,0x0000000773400000)
  to   space 10240K, 0% used [0x0000000772000000,0x0000000772000000,0x0000000772a00000)
 ParOldGen       total 167936K, used 0K [0x00000006ca600000, 0x00000006d4a00000, 0x000000076e200000)
  object space 167936K, 0% used [0x00000006ca600000,0x00000006ca600000,0x00000006d4a00000)
 Metaspace       used 10055K, capacity 10260K, committed 10624K, reserved 1058816K
  class space    used 1195K, capacity 1288K, committed 1408K, reserved 1048576K
Event: 0.516 GC heap after
Heap after GC invocations=1 (full 0):
 PSYoungGen      total 73728K, used 10230K [0x000000076e200000, 0x0000000777200000, 0x00000007c0000000)
  eden space 63488K, 0% used [0x000000076e200000,0x000000076e200000,0x0000000772000000)
  from space 10240K, 99% used [0x0000000772000000,0x00000007729fdbe8,0x0000000772a00000)
  to   space 10240K, 0% used [0x0000000776800000,0x0000000776800000,0x0000000777200000)
 ParOldGen       total 167936K, used 2583K [0x00000006ca600000, 0x00000006d4a00000, 0x000000076e200000)
  object space 167936K, 1% used [0x00000006ca600000,0x00000006ca885c70,0x00000006d4a00000)
 Metaspace       used 10055K, capacity 10260K, committed 10624K, reserved 1058816K
  class space    used 1195K, capacity 1288K, committed 1408K, reserved 1048576K
}
Event: 0.902 GC heap before
{Heap before GC invocations=2 (full 0):
 PSYoungGen      total 73728K, used 73718K [0x000000076e200000, 0x0000000777200000, 0x00000007c0000000)
  eden space 63488K, 100% used [0x000000076e200000,0x0000000772000000,0x0000000772000000)
  from space 10240K, 99% used [0x0000000772000000,0x00000007729fdbe8,0x0000000772a00000)
  to   space 10240K, 0% used [0x0000000776800000,0x0000000776800000,0x0000000777200000)
 ParOldGen       total 167936K, used 2583K [0x00000006ca600000, 0x00000006d4a00000, 0x000000076e200000)
  object space 167936K, 1% used [0x00000006ca600000,0x00000006ca885c70,0x00000006d4a00000)
 Metaspace       used 16077K, capacity 16214K, committed 16512K, reserved 1062912K
  class space    used 2010K, capacity 2067K, committed 2176K, reserved 1048576K
Event: 0.916 GC heap after
Heap after GC invocations=2 (full 0):
 PSYoungGen      total 137216K, used 10208K [0x000000076e200000, 0x0000000777200000, 0x00000007c0000000)
  eden space 126976K, 0% used [0x000000076e200000,0x000000076e200000,0x0000000775e00000)
  from space 10240K, 99% used [0x0000000776800000,0x00000007771f8050,0x0000000777200000)
  to   space 10240K, 0% used [0x0000000775e00000,0x0000000775e00000,0x0000000776800000)
 ParOldGen       total 167936K, used 9885K [0x00000006ca600000, 0x00000006d4a00000, 0x000000076e200000)
  object space 167936K, 5% used [0x00000006ca600000,0x00000006cafa76a8,0x00000006d4a00000)
 Metaspace       used 16077K, capacity 16214K, committed 16512K, reserved 1062912K
  class space    used 2010K, capacity 2067K, committed 2176K, reserved 1048576K
}
Event: 1.413 GC heap before
{Heap before GC invocations=3 (full 0):
 PSYoungGen      total 137216K, used 67944K [0x000000076e200000, 0x0000000777200000, 0x00000007c0000000)
  eden space 126976K, 45% used [0x000000076e200000,0x0000000771a62290,0x0000000775e00000)
  from space 10240K, 99% used [0x0000000776800000,0x00000007771f8050,0x0000000777200000)
  to   space 10240K, 0% used [0x0000000775e00000,0x0000000775e00000,0x0000000776800000)
 ParOldGen       total 167936K, used 9885K [0x00000006ca600000, 0x00000006d4a00000, 0x000000076e200000)
  object space 167936K, 5% used [0x00000006ca600000,0x00000006cafa76a8,0x00000006d4a00000)
 Metaspace       used 20850K, capacity 21110K, committed 21248K, reserved 1067008K
  class space    used 2632K, capacity 2733K, committed 2816K, reserved 1048576K
Event: 1.422 GC heap after
Heap after GC invocations=3 (full 0):
 PSYoungGen      total 137216K, used 10209K [0x000000076e200000, 0x000000077ee00000, 0x00000007c0000000)
  eden space 126976K, 0% used [0x000000076e200000,0x000000076e200000,0x0000000775e00000)
  from space 10240K, 99% used [0x0000000775e00000,0x00000007767f8710,0x0000000776800000)
  to   space 10240K, 0% used [0x000000077e400000,0x000000077e400000,0x000000077ee00000)
 ParOldGen       total 167936K, used 18213K [0x00000006ca600000, 0x00000006d4a00000, 0x000000076e200000)
  object space 167936K, 10% used [0x00000006ca600000,0x00000006cb7c96f0,0x00000006d4a00000)
 Metaspace       used 20850K, capacity 21110K, committed 21248K, reserved 1067008K
  class space    used 2632K, capacity 2733K, committed 2816K, reserved 1048576K
}
Event: 1.422 GC heap before
{Heap before GC invocations=4 (full 1):
 PSYoungGen      total 137216K, used 10209K [0x000000076e200000, 0x000000077ee00000, 0x00000007c0000000)
  eden space 126976K, 0% used [0x000000076e200000,0x000000076e200000,0x0000000775e00000)
  from space 10240K, 99% used [0x0000000775e00000,0x00000007767f8710,0x0000000776800000)
  to   space 10240K, 0% used [0x000000077e400000,0x000000077e400000,0x000000077ee00000)
 ParOldGen       total 167936K, used 18213K [0x00000006ca600000, 0x00000006d4a00000, 0x000000076e200000)
  object space 167936K, 10% used [0x00000006ca600000,0x00000006cb7c96f0,0x00000006d4a00000)
 Metaspace       used 20850K, capacity 21110K, committed 21248K, reserved 1067008K
  class space    used 2632K, capacity 2733K, committed 2816K, reserved 1048576K
Event: 1.451 GC heap after
Heap after GC invocations=4 (full 1):
 PSYoungGen      total 137216K, used 0K [0x000000076e200000, 0x000000077ee00000, 0x00000007c0000000)
  eden space 126976K, 0% used [0x000000076e200000,0x000000076e200000,0x0000000775e00000)
  from space 10240K, 0% used [0x0000000775e00000,0x0000000775e00000,0x0000000776800000)
  to   space 10240K, 0% used [0x000000077e400000,0x000000077e400000,0x000000077ee00000)
 ParOldGen       total 123392K, used 19783K [0x00000006ca600000, 0x00000006d1e80000, 0x000000076e200000)
  object space 123392K, 16% used [0x00000006ca600000,0x00000006cb951c60,0x00000006d1e80000)
 Metaspace       used 20850K, capacity 21110K, committed 21248K, reserved 1067008K
  class space    used 2632K, capacity 2733K, committed 2816K, reserved 1048576K
}

